<?xml version="1.0" encoding="UTF-8"?>
<!-- Generated by org.testng.reporters.JUnitReportReporter -->
<testsuite skipped="0" hostname="Krishnavenis-MacBook-Air.local" name="AmazonApp.SearchEarPhones" tests="1" failures="0" timestamp="2021-10-10T15:51:54 IST" time="18.715" errors="0">
  <testcase name="SearchEarPhonesWithMic" time="18.715" classname="AmazonApp.SearchEarPhones"/>
  <system-out/>
</testsuite> <!-- AmazonApp.SearchEarPhones -->
