<?xml version="1.0" encoding="UTF-8"?>
<!-- Generated by org.testng.reporters.JUnitReportReporter -->
<testsuite hostname="Krishnavenis-MacBook-Air.local" failures="0" tests="2" name="AmazonApp.SearchEarPhones" time="64.914" errors="0" timestamp="2021-11-03T19:58:00 IST" skipped="0">
  <testcase classname="AmazonApp.SearchEarPhones" name="SearchEarPhonesWithMic" time="18.745"/>
  <system-out/>
  <testcase classname="AmazonApp.SearchEarPhones" name="listSearchResult" time="46.169"/>
  <system-out/>
</testsuite> <!-- AmazonApp.SearchEarPhones -->
