<?xml version="1.0" encoding="UTF-8"?>
<!-- Generated by org.testng.reporters.JUnitReportReporter -->
<testsuite skipped="0" hostname="Krishnavenis-MacBook-Air.local" name="DemoAPIs.GoogleMap" tests="1" failures="0" timestamp="2021-10-10T10:28:01 IST" time="7.171" errors="0">
  <testcase name="testZoomOutMaps" time="7.171" classname="DemoAPIs.GoogleMap"/>
  <system-out/>
</testsuite> <!-- DemoAPIs.GoogleMap -->
